<?xml version="1.0" encoding="UTF-8"?>
<!-- Generated by org.testng.reporters.JUnitReportReporter -->
<testsuite hostname="DESKTOP-5KAG1TN" failures="0" tests="4" name="TestPro.Orange_hrm.mainTest" time="11.697" errors="0" timestamp="2021-11-04T17:01:07 EET" skipped="0">
  <testcase classname="TestPro.Orange_hrm.mainTest" name="login" time="3.793"/>
  <system-out/>
  <testcase classname="TestPro.Orange_hrm.mainTest" name="add_new" time="5.243"/>
  <system-out/>
  <testcase classname="TestPro.Orange_hrm.mainTest" name="search" time="0.984"/>
  <system-out/>
  <testcase classname="TestPro.Orange_hrm.mainTest" name="assertion" time="1.677"/>
  <system-out/>
</testsuite> <!-- TestPro.Orange_hrm.mainTest -->
