<?xml version="1.0" encoding="UTF-8"?>
<!-- Generated by org.testng.reporters.JUnitReportReporter -->
<testsuite hostname="DESKTOP-5KAG1TN" failures="0" tests="1" name="TestPro.Orange_hrm.baseBuild" time="11.281" errors="0" timestamp="2021-11-04T02:18:49 EET" skipped="0">
  <testcase classname="TestPro.Orange_hrm.baseBuild" name="globalSetup" time="11.281"/>
  <system-out/>
</testsuite> <!-- TestPro.Orange_hrm.baseBuild -->
